\BOOKMARK [1][-]{section.1}{Gradient and Hessian of NLL\(\) for logistic regression}{}% 1
\BOOKMARK [2][-]{subsection.1.1}{}{section.1}% 2
\BOOKMARK [2][-]{subsection.1.2}{}{section.1}% 3
\BOOKMARK [2][-]{subsection.1.3}{}{section.1}% 4
\BOOKMARK [1][-]{section.2}{Regularizing logistic regression}{}% 5
\BOOKMARK [2][-]{subsection.2.1}{}{section.2}% 6
\BOOKMARK [1][-]{section.3}{Inplementing a k-nearest-neighbot classifier}{}% 7
\BOOKMARK [2][-]{subsection.3.1}{Speeding up distance computations}{section.3}% 8
\BOOKMARK [2][-]{subsection.3.2}{Choosing k by cross-validation}{section.3}% 9
\BOOKMARK [1][-]{section.4}{Implementing logistic regression}{}% 10
\BOOKMARK [2][-]{subsection.4.1}{Visualizing the dataset}{section.4}% 11
\BOOKMARK [2][-]{subsection.4.2}{3A1. Implementing logistic regression the sigmoid funciton}{section.4}% 12
\BOOKMARK [2][-]{subsection.4.3}{3A2 Cost function and gradient of logistic regression}{section.4}% 13
\BOOKMARK [2][-]{subsection.4.4}{Learning parameters using fmin\137bfgs}{section.4}% 14
\BOOKMARK [2][-]{subsection.4.5}{3A3 Prediction using a logistic regression model}{section.4}% 15
\BOOKMARK [1][-]{section.5}{3part B Regularized logistic regression}{}% 16
\BOOKMARK [2][-]{subsection.5.1}{visualizing the data}{section.5}% 17
\BOOKMARK [2][-]{subsection.5.2}{3B1 Cost function and gradient for regularized logistic }{section.5}% 18
\BOOKMARK [2][-]{subsection.5.3}{3B2 prediction using the model}{section.5}% 19
\BOOKMARK [2][-]{subsection.5.4}{3B3 varing lambda}{section.5}% 20
\BOOKMARK [2][-]{subsection.5.5}{3B4 Exploring L1 and L2 penalized logistic regression}{section.5}% 21
\BOOKMARK [3][-]{subsubsection.5.5.1}{with reg=100}{subsection.5.5}% 22
\BOOKMARK [3][-]{subsubsection.5.5.2}{with reg=1}{subsection.5.5}% 23
\BOOKMARK [3][-]{subsubsection.5.5.3}{with reg=0.1}{subsection.5.5}% 24
\BOOKMARK [2][-]{subsection.5.6}{ADSA}{section.5}% 25
\BOOKMARK [1][-]{section.6}{3PART C Logistic regression for spam classification}{}% 26
\BOOKMARK [1][-]{section.7}{Implementing logistic regression}{}% 27
\BOOKMARK [2][-]{subsection.7.1}{Logistic regression}{section.7}% 28
\BOOKMARK [2][-]{subsection.7.2}{Regularized logistic regression}{section.7}% 29
\BOOKMARK [2][-]{subsection.7.3}{Logistic regression for spam classification}{section.7}% 30
\BOOKMARK [2][-]{subsection.7.4}{Classifying music genres}{section.7}% 31
